
POST url=/users/login response-time=270.614 body={"login":"user20","password":"password20"}
GET url=/users/login response-time=6.051 body={}
POST url=/users/login response-time=177.718 body={"login":"user20","password":"password20"}
POST url=/users/login response-time=87.893 body={"login":"user20","password":"password20"}
GET url=/users/login response-time=102.536 body={}
GET url=/users/login response-time=13.139 body={}
GET url=/users/login response-time=1.102 body={}
POST url=/users/login response-time=191.082 body={"login":"user20","password":"password20"}
GET url=/users/efbf9bbd-0ae3-4633-887f-aeb0c9086bd0 response-time=86.009 body={}
GET url=/groups/a35e3a20-162b-4922-b7e7-9c7a158f89e0 response-time=83.886 body={}
POST url=/users/ response-time=8.586 body={"login":"user20","password":"password20"}
POST url=/users/ response-time=4.575 body={}
POST url=/users/login response-time=53.689 body={}
POST url=/users/login response-time=120.373 body={"login":"user20","password":"password20"}
POST url=/users/ response-time=9.335 body={}
POST url=/users/ response-time=3.588 body={}
POST url=/users response-time=1.156 body={}
POST url=/users/login response-time=7.456 body={}
POST url=/users/login response-time=4.234 body={}
POST url=/users/login response-time=156.316 body={"login":"user20","password":"password20"}
POST url=/users/ response-time=0.843 body={"login":"user20","password":"password20","age":20}
POST url=/users/ response-time=93.523 body={"login":"user20","password":"password20","age":20}
POST url=/users/ response-time=115.084 body={"login":"user100","password":"password100","age":100}
